<?xml version="1.0" encoding="UTF-8"?>
<testng-results ignored="0" total="1" passed="1" failed="0" skipped="0">
  <reporter-output>
  </reporter-output>
  <suite started-at="2025-05-23T23:10:03 WIB" name="Suite Test Web eCommerce" finished-at="2025-05-23T23:10:36 WIB" duration-ms="32988">
    <groups>
    </groups>
    <test started-at="2025-05-23T23:10:03 WIB" name="Pertemuan 16" finished-at="2025-05-23T23:10:36 WIB" duration-ms="32988">
      <class name="com.juaracoding.test.FixQuizDragAndDropTest">
        <test-method is-config="true" signature="setup()[pri:0, instance:com.juaracoding.test.FixQuizDragAndDropTest@130161f7]" started-at="2025-05-23T23:10:03 WIB" name="setup" finished-at="2025-05-23T23:10:03 WIB" duration-ms="0" status="PASS">
          <reporter-output>
          </reporter-output>
        </test-method> <!-- setup -->
        <test-method signature="praktikumMinggu02Test01()[pri:0, instance:com.juaracoding.test.FixQuizDragAndDropTest@130161f7]" started-at="2025-05-23T23:10:03 WIB" name="praktikumMinggu02Test01" finished-at="2025-05-23T23:10:36 WIB" duration-ms="32948" status="PASS">
          <reporter-output>
          </reporter-output>
        </test-method> <!-- praktikumMinggu02Test01 -->
      </class> <!-- com.juaracoding.test.FixQuizDragAndDropTest -->
      <class name="com.juaracoding.test.Hook">
        <test-method is-config="true" signature="initialize(java.lang.String)[pri:0, instance:com.juaracoding.test.Hook@76508ed1]" started-at="2025-05-23T23:09:59 WIB" name="initialize" finished-at="2025-05-23T23:10:03 WIB" duration-ms="3722" status="PASS">
          <params>
            <param index="0">
              <value>
                <![CDATA[http://www.dhtmlgoodies.com/scripts/drag-drop-custom/demo-drag-drop-3.html]]>
              </value>
            </param>
          </params>
          <reporter-output>
          </reporter-output>
        </test-method> <!-- initialize -->
        <test-method is-config="true" signature="finalTearDown()[pri:0, instance:com.juaracoding.test.Hook@76508ed1]" started-at="2025-05-23T23:10:36 WIB" name="finalTearDown" finished-at="2025-05-23T23:10:36 WIB" duration-ms="116" status="PASS">
          <reporter-output>
          </reporter-output>
        </test-method> <!-- finalTearDown -->
      </class> <!-- com.juaracoding.test.Hook -->
    </test> <!-- Pertemuan 16 -->
  </suite> <!-- Suite Test Web eCommerce -->
</testng-results>
