<?xml version="1.0" encoding="UTF-8"?>
<!-- Generated by org.testng.reporters.JUnitXMLReporter -->
<testsuite ignored="0" hostname="DESKTOP-T89O3TR" failures="0" tests="3" name="Authentication Tests" time="52.738" errors="0" timestamp="2025-05-22T22:35:48 WIB">
  <testcase classname="com.juaracoding.test.authentication.SignInTest" name="@BeforeMethod checkElementsExist" time="0.0">
    <skipped/>
  </testcase> <!-- @BeforeMethod checkElementsExist -->
  <testcase classname="com.juaracoding.test.authentication.SignInWithoutUsernameTest" name="testStep01" time="8.238"/>
  <testcase classname="com.juaracoding.test.authentication.SignInWithoutPasswordTest" name="testStep01" time="8.298">
    <skipped/>
  </testcase> <!-- testStep01 -->
  <testcase classname="com.juaracoding.test.authentication.SignInTest" name="testStep01" time="0.0">
    <skipped/>
  </testcase> <!-- testStep01 -->
</testsuite> <!-- Authentication Tests -->
